C:\USERS\MATT\DROPBOX\UT CLASSES\2 - SPRING 2013\COMPUTER GRAPHICS\PROJECTS\PROJECT 1\DEBUG\CANVAS.OBJ
C:\USERS\MATT\DROPBOX\UT CLASSES\2 - SPRING 2013\COMPUTER GRAPHICS\PROJECTS\PROJECT 1\DEBUG\DRAWING.OBJ
C:\USERS\MATT\DROPBOX\UT CLASSES\2 - SPRING 2013\COMPUTER GRAPHICS\PROJECTS\PROJECT 1\DEBUG\MOUSE.OBJ
C:\USERS\MATT\DROPBOX\UT CLASSES\2 - SPRING 2013\COMPUTER GRAPHICS\PROJECTS\PROJECT 1\DEBUG\VRML.OBJ
C:\USERS\MATT\DROPBOX\UT CLASSES\2 - SPRING 2013\COMPUTER GRAPHICS\PROJECTS\PROJECT 1\DEBUG\VC110.PDB
C:\USERS\MATT\DROPBOX\UT CLASSES\2 - SPRING 2013\COMPUTER GRAPHICS\PROJECTS\PROJECT 1\DEBUG\PROJECT 1.ILK
C:\USERS\MATT\DROPBOX\UT CLASSES\2 - SPRING 2013\COMPUTER GRAPHICS\PROJECTS\PROJECT 1\DEBUG\PROJECT 1.EXE
C:\USERS\MATT\DROPBOX\UT CLASSES\2 - SPRING 2013\COMPUTER GRAPHICS\PROJECTS\PROJECT 1\DEBUG\PROJECT 1.PDB
C:\Users\Matt\Dropbox\UT Classes\2 - Spring 2013\Computer Graphics\Projects\Project 1\Debug\canvas.obj
C:\Users\Matt\Dropbox\UT Classes\2 - Spring 2013\Computer Graphics\Projects\Project 1\Debug\drawing.obj
C:\Users\Matt\Dropbox\UT Classes\2 - Spring 2013\Computer Graphics\Projects\Project 1\Debug\mouse.obj
C:\Users\Matt\Dropbox\UT Classes\2 - Spring 2013\Computer Graphics\Projects\Project 1\Debug\vrml.obj
C:\Users\Matt\Dropbox\UT Classes\2 - Spring 2013\Computer Graphics\Projects\Project 1\Debug\Project 1.ilk
C:\Users\Matt\Dropbox\UT Classes\2 - Spring 2013\Computer Graphics\Projects\Project 1\Debug\cl.command.1.tlog
C:\Users\Matt\Dropbox\UT Classes\2 - Spring 2013\Computer Graphics\Projects\Project 1\Debug\CL.read.1.tlog
C:\Users\Matt\Dropbox\UT Classes\2 - Spring 2013\Computer Graphics\Projects\Project 1\Debug\CL.write.1.tlog
C:\Users\Matt\Dropbox\UT Classes\2 - Spring 2013\Computer Graphics\Projects\Project 1\Debug\link-cvtres.read.1.tlog
C:\Users\Matt\Dropbox\UT Classes\2 - Spring 2013\Computer Graphics\Projects\Project 1\Debug\link-cvtres.write.1.tlog
C:\Users\Matt\Dropbox\UT Classes\2 - Spring 2013\Computer Graphics\Projects\Project 1\Debug\link-rc.read.1.tlog
C:\Users\Matt\Dropbox\UT Classes\2 - Spring 2013\Computer Graphics\Projects\Project 1\Debug\link-rc.write.1.tlog
C:\Users\Matt\Dropbox\UT Classes\2 - Spring 2013\Computer Graphics\Projects\Project 1\Debug\link.command.1.tlog
C:\Users\Matt\Dropbox\UT Classes\2 - Spring 2013\Computer Graphics\Projects\Project 1\Debug\link.read.1.tlog
C:\Users\Matt\Dropbox\UT Classes\2 - Spring 2013\Computer Graphics\Projects\Project 1\Debug\link.write.1.tlog
C:\Users\Matt\Dropbox\UT Classes\2 - Spring 2013\Computer Graphics\Projects\Project 1\Debug\vc110.idb
C:\Users\Matt\Dropbox\UT Classes\2 - Spring 2013\Computer Graphics\Projects\Project 1\Debug\Project 1.pdb
C:\Users\Matt\Dropbox\UT Classes\2 - Spring 2013\Computer Graphics\Projects\Project 1\Debug\vc110.pdb
C:\Users\Matt\Dropbox\UT Classes\2 - Spring 2013\Computer Graphics\Projects\Project 1\Debug\Project 1.exe
