C:\USERS\DROPBOX\UT CLASSES\2 - SPRING 2013\COMPUTER GRAPHICS\PROJECTS\PROJECT 4\DEBUG\GEOMETRY.OBJ
C:\USERS\DROPBOX\UT CLASSES\2 - SPRING 2013\COMPUTER GRAPHICS\PROJECTS\PROJECT 4\DEBUG\LIGHT.OBJ
C:\USERS\DROPBOX\UT CLASSES\2 - SPRING 2013\COMPUTER GRAPHICS\PROJECTS\PROJECT 4\DEBUG\LOWLEVEL.OBJ
C:\USERS\DROPBOX\UT CLASSES\2 - SPRING 2013\COMPUTER GRAPHICS\PROJECTS\PROJECT 4\DEBUG\RAYTRACE.OBJ
C:\USERS\DROPBOX\UT CLASSES\2 - SPRING 2013\COMPUTER GRAPHICS\PROJECTS\PROJECT 4\DEBUG\READPPM.OBJ
C:\USERS\DROPBOX\UT CLASSES\2 - SPRING 2013\COMPUTER GRAPHICS\PROJECTS\PROJECT 4\DEBUG\VC110.PDB
C:\USERS\DROPBOX\UT CLASSES\2 - SPRING 2013\COMPUTER GRAPHICS\PROJECTS\PROJECT 4\DEBUG\SPHERE.OBJ
C:\USERS\DROPBOX\UT CLASSES\2 - SPRING 2013\COMPUTER GRAPHICS\PROJECTS\PROJECT 4\DEBUG\POLYGON.OBJ
C:\USERS\DROPBOX\UT CLASSES\2 - SPRING 2013\COMPUTER GRAPHICS\PROJECTS\PROJECT 4\DEBUG\CSPHERE.OBJ
C:\USERS\DROPBOX\UT CLASSES\2 - SPRING 2013\COMPUTER GRAPHICS\PROJECTS\PROJECT 4\DEBUG\CPOLYGON.OBJ
C:\USERS\DROPBOX\UT CLASSES\2 - SPRING 2013\COMPUTER GRAPHICS\PROJECTS\PROJECT 4\DEBUG\PROJECT 4.ILK
C:\USERS\DROPBOX\UT CLASSES\2 - SPRING 2013\COMPUTER GRAPHICS\PROJECTS\PROJECT 4\DEBUG\PROJECT 4.EXE
C:\USERS\DROPBOX\UT CLASSES\2 - SPRING 2013\COMPUTER GRAPHICS\PROJECTS\PROJECT 4\DEBUG\PROJECT 4.PDB
C:\Users\Dropbox\UT Classes\2 - Spring 2013\Computer Graphics\Projects\Project 4\Debug\CPolygon.obj
C:\Users\Dropbox\UT Classes\2 - Spring 2013\Computer Graphics\Projects\Project 4\Debug\CSphere.obj
C:\Users\Dropbox\UT Classes\2 - Spring 2013\Computer Graphics\Projects\Project 4\Debug\geometry.obj
C:\Users\Dropbox\UT Classes\2 - Spring 2013\Computer Graphics\Projects\Project 4\Debug\light.obj
C:\Users\Dropbox\UT Classes\2 - Spring 2013\Computer Graphics\Projects\Project 4\Debug\lowlevel.obj
C:\Users\Dropbox\UT Classes\2 - Spring 2013\Computer Graphics\Projects\Project 4\Debug\Polygon.obj
C:\Users\Dropbox\UT Classes\2 - Spring 2013\Computer Graphics\Projects\Project 4\Debug\raytrace.obj
C:\Users\Dropbox\UT Classes\2 - Spring 2013\Computer Graphics\Projects\Project 4\Debug\readppm.obj
C:\Users\Dropbox\UT Classes\2 - Spring 2013\Computer Graphics\Projects\Project 4\Debug\Sphere.obj
C:\Users\Dropbox\UT Classes\2 - Spring 2013\Computer Graphics\Projects\Project 4\Debug\Project 4.ilk
C:\Users\Dropbox\UT Classes\2 - Spring 2013\Computer Graphics\Projects\Project 4\Debug\cl.command.1.tlog
C:\Users\Dropbox\UT Classes\2 - Spring 2013\Computer Graphics\Projects\Project 4\Debug\CL.read.1.tlog
C:\Users\Dropbox\UT Classes\2 - Spring 2013\Computer Graphics\Projects\Project 4\Debug\CL.write.1.tlog
C:\Users\Dropbox\UT Classes\2 - Spring 2013\Computer Graphics\Projects\Project 4\Debug\link-cvtres.read.1.tlog
C:\Users\Dropbox\UT Classes\2 - Spring 2013\Computer Graphics\Projects\Project 4\Debug\link-cvtres.write.1.tlog
C:\Users\Dropbox\UT Classes\2 - Spring 2013\Computer Graphics\Projects\Project 4\Debug\link-rc.read.1.tlog
C:\Users\Dropbox\UT Classes\2 - Spring 2013\Computer Graphics\Projects\Project 4\Debug\link-rc.write.1.tlog
C:\Users\Dropbox\UT Classes\2 - Spring 2013\Computer Graphics\Projects\Project 4\Debug\link.1984-cvtres.read.1.tlog
C:\Users\Dropbox\UT Classes\2 - Spring 2013\Computer Graphics\Projects\Project 4\Debug\link.1984-cvtres.write.1.tlog
C:\Users\Dropbox\UT Classes\2 - Spring 2013\Computer Graphics\Projects\Project 4\Debug\link.1984-rc.read.1.tlog
C:\Users\Dropbox\UT Classes\2 - Spring 2013\Computer Graphics\Projects\Project 4\Debug\link.1984-rc.write.1.tlog
C:\Users\Dropbox\UT Classes\2 - Spring 2013\Computer Graphics\Projects\Project 4\Debug\link.1984.read.1.tlog
C:\Users\Dropbox\UT Classes\2 - Spring 2013\Computer Graphics\Projects\Project 4\Debug\link.1984.write.1.tlog
C:\Users\Dropbox\UT Classes\2 - Spring 2013\Computer Graphics\Projects\Project 4\Debug\link.5040-cvtres.read.1.tlog
C:\Users\Dropbox\UT Classes\2 - Spring 2013\Computer Graphics\Projects\Project 4\Debug\link.5040-cvtres.write.1.tlog
C:\Users\Dropbox\UT Classes\2 - Spring 2013\Computer Graphics\Projects\Project 4\Debug\link.5040-rc.read.1.tlog
C:\Users\Dropbox\UT Classes\2 - Spring 2013\Computer Graphics\Projects\Project 4\Debug\link.5040-rc.write.1.tlog
C:\Users\Dropbox\UT Classes\2 - Spring 2013\Computer Graphics\Projects\Project 4\Debug\link.5040.read.1.tlog
C:\Users\Dropbox\UT Classes\2 - Spring 2013\Computer Graphics\Projects\Project 4\Debug\link.5040.write.1.tlog
C:\Users\Dropbox\UT Classes\2 - Spring 2013\Computer Graphics\Projects\Project 4\Debug\link.6236-cvtres.read.1.tlog
C:\Users\Dropbox\UT Classes\2 - Spring 2013\Computer Graphics\Projects\Project 4\Debug\link.6236-cvtres.write.1.tlog
C:\Users\Dropbox\UT Classes\2 - Spring 2013\Computer Graphics\Projects\Project 4\Debug\link.6236-rc.read.1.tlog
C:\Users\Dropbox\UT Classes\2 - Spring 2013\Computer Graphics\Projects\Project 4\Debug\link.6236-rc.write.1.tlog
C:\Users\Dropbox\UT Classes\2 - Spring 2013\Computer Graphics\Projects\Project 4\Debug\link.6236.read.1.tlog
C:\Users\Dropbox\UT Classes\2 - Spring 2013\Computer Graphics\Projects\Project 4\Debug\link.6236.write.1.tlog
C:\Users\Dropbox\UT Classes\2 - Spring 2013\Computer Graphics\Projects\Project 4\Debug\link.6736-cvtres.read.1.tlog
C:\Users\Dropbox\UT Classes\2 - Spring 2013\Computer Graphics\Projects\Project 4\Debug\link.6736-cvtres.write.1.tlog
C:\Users\Dropbox\UT Classes\2 - Spring 2013\Computer Graphics\Projects\Project 4\Debug\link.6736-rc.read.1.tlog
C:\Users\Dropbox\UT Classes\2 - Spring 2013\Computer Graphics\Projects\Project 4\Debug\link.6736-rc.write.1.tlog
C:\Users\Dropbox\UT Classes\2 - Spring 2013\Computer Graphics\Projects\Project 4\Debug\link.6736.read.1.tlog
C:\Users\Dropbox\UT Classes\2 - Spring 2013\Computer Graphics\Projects\Project 4\Debug\link.6736.write.1.tlog
C:\Users\Dropbox\UT Classes\2 - Spring 2013\Computer Graphics\Projects\Project 4\Debug\link.command.1.tlog
C:\Users\Dropbox\UT Classes\2 - Spring 2013\Computer Graphics\Projects\Project 4\Debug\link.read.1.tlog
C:\Users\Dropbox\UT Classes\2 - Spring 2013\Computer Graphics\Projects\Project 4\Debug\link.write.1.tlog
C:\Users\Dropbox\UT Classes\2 - Spring 2013\Computer Graphics\Projects\Project 4\Debug\vc110.idb
C:\Users\Dropbox\UT Classes\2 - Spring 2013\Computer Graphics\Projects\Project 4\Debug\Project 4.pdb
C:\Users\Dropbox\UT Classes\2 - Spring 2013\Computer Graphics\Projects\Project 4\Debug\vc110.pdb
C:\Users\Dropbox\UT Classes\2 - Spring 2013\Computer Graphics\Projects\Project 4\Debug\Project 4.exe
